<?xml version="1.0" encoding="UTF-8"?>
<!-- Generated by org.testng.reporters.JUnitReportReporter -->
<testsuite hostname="RPC02" name="com.ofs.test.TestNgUserDAOImpl" tests="1" failures="0" timestamp="26 May 2016 06:53:01 GMT" time="0.327" errors="0">
  <testcase name="testLogin" time="0.327" classname="com.ofs.test.TestNgUserDAOImpl"/>
</testsuite> <!-- com.ofs.test.TestNgUserDAOImpl -->
