<?xml version="1.0" encoding="UTF-8"?>
<!-- Generated by org.testng.reporters.JUnitReportReporter -->
<testsuite hostname="RPC02" name="com.ofs.test.TestNgUserDAOImpl" tests="1" failures="0" timestamp="23 May 2016 07:18:06 GMT" time="2.814" errors="0">
  <testcase name="testcreate" time="2.814" classname="com.ofs.test.TestNgUserDAOImpl"/>
</testsuite> <!-- com.ofs.test.TestNgUserDAOImpl -->
