<?xml version="1.0" encoding="UTF-8"?>
<!-- Generated by org.testng.reporters.JUnitReportReporter -->
<testsuite hostname="RPC02" name="com.project.test.TestNgUserDAOImpl" tests="1" failures="0" timestamp="20 Apr 2016 13:01:52 GMT" time="0.281" errors="0">
  <testcase name="testLogin" time="0.281" classname="com.project.test.TestNgUserDAOImpl"/>
</testsuite> <!-- com.project.test.TestNgUserDAOImpl -->
