<?xml version="1.0" encoding="UTF-8"?>
<!-- Generated by org.testng.reporters.JUnitReportReporter -->
<testsuite hostname="RPC02" name="com.ofs.test.TestNgUserDAOImpl" tests="1" failures="0" timestamp="7 Jun 2016 13:26:19 GMT" time="0.218" errors="0">
  <testcase name="testreadall" time="0.218" classname="com.ofs.test.TestNgUserDAOImpl"/>
</testsuite> <!-- com.ofs.test.TestNgUserDAOImpl -->
