<?xml version="1.0" encoding="UTF-8"?>
<!-- Generated by org.testng.reporters.JUnitReportReporter -->
<testsuite hostname="RPC02" name="com.ofs.test.TestNgUserDAOImpl" tests="1" failures="0" timestamp="20 May 2016 06:13:34 GMT" time="0.577" errors="0">
  <testcase name="testcreate" time="0.577" classname="com.ofs.test.TestNgUserDAOImpl"/>
</testsuite> <!-- com.ofs.test.TestNgUserDAOImpl -->
